<?xml version="1.0" encoding="UTF-8"?>
<testng-results ignored="0" total="1" passed="1" failed="0" skipped="0">
  <reporter-output>
  </reporter-output>
  <suite started-at="2024-06-13T17:40:40 BDT" name="Default suite" finished-at="2024-06-13T17:43:20 BDT" duration-ms="159718">
    <groups>
    </groups>
    <test started-at="2024-06-13T17:40:40 BDT" name="Default test" finished-at="2024-06-13T17:43:20 BDT" duration-ms="159718">
      <class name="testcases.ClassSixToTwelveTestCases">
        <test-method is-config="true" signature="setBrowser()[pri:0, instance:testcases.ClassSixToTwelveTestCases@6ce86ce1]" started-at="2024-06-13T17:40:40 BDT" name="setBrowser" finished-at="2024-06-13T17:40:42 BDT" duration-ms="2268" status="PASS">
          <reporter-output>
          </reporter-output>
        </test-method> <!-- setBrowser -->
        <test-method signature="TestsearchPage()[pri:0, instance:testcases.ClassSixToTwelveTestCases@6ce86ce1]" started-at="2024-06-13T17:40:42 BDT" name="TestsearchPage" finished-at="2024-06-13T17:43:20 BDT" duration-ms="157263" status="PASS">
          <reporter-output>
          </reporter-output>
        </test-method> <!-- TestsearchPage -->
      </class> <!-- testcases.ClassSixToTwelveTestCases -->
    </test> <!-- Default test -->
  </suite> <!-- Default suite -->
</testng-results>
